▲ Next.js 16.2.10 (Turbopack)
- Local:         http://localhost:3000
- Network:       http://26.178.33.18:3000
✓ Ready in 1180ms

 GET /dashboard/steven 200 in 921ms (next.js: 471ms, application-code: 451ms)
 GET /dashboard/steven 200 in 147ms (next.js: 11ms, application-code: 136ms)
 GET /dashboard/steven 200 in 213ms (next.js: 9ms, application-code: 204ms)
 GET /dashboard/steven 200 in 104ms (next.js: 5ms, application-code: 99ms)
 GET /dashboard/steven 200 in 158ms (next.js: 11ms, application-code: 148ms)
 GET /dashboard/steven 200 in 132ms (next.js: 8ms, application-code: 124ms)
 GET /dashboard/steven 200 in 169ms (next.js: 10ms, application-code: 160ms)
 GET /dashboard/steven 200 in 144ms (next.js: 11ms, application-code: 133ms)
 GET /dashboard/steven 200 in 149ms (next.js: 5ms, application-code: 144ms)
 GET /dashboard/steven 200 in 107ms (next.js: 7ms, application-code: 100ms)
 GET /dashboard/steven 200 in 3.7s (next.js: 3.1s, application-code: 668ms)
 GET /dashboard/steven 200 in 309ms (next.js: 12ms, application-code: 297ms)
 GET /dashboard/steven 200 in 237ms (next.js: 8ms, application-code: 229ms)
 GET /dashboard/steven 200 in 245ms (next.js: 50ms, application-code: 195ms)
 GET /dashboard/steven 200 in 245ms (next.js: 133ms, application-code: 112ms)
 GET /dashboard/steven 200 in 247ms (next.js: 93ms, application-code: 154ms)
 GET /dashboard/steven 200 in 303ms (next.js: 6ms, application-code: 297ms)
 GET /dashboard/steven 200 in 285ms (next.js: 20ms, application-code: 265ms)
 GET /dashboard/steven 200 in 255ms (next.js: 48ms, application-code: 206ms)
 GET /dashboard/steven 200 in 259ms (next.js: 9ms, application-code: 250ms)
 GET /dashboard/steven 200 in 258ms (next.js: 97ms, application-code: 161ms)
 GET /dashboard/steven 200 in 258ms (next.js: 149ms, application-code: 110ms)
✓ Compiled in 10.2s
 GET /dashboard/steven 200 in 336ms (next.js: 207ms, application-code: 129ms)
○ Compiling /dashboard/steven/quotes ...
 GET /dashboard/steven/quotes 200 in 4.7s (next.js: 4.3s, application-code: 357ms)
 GET /dashboard/steven/quotes/demo-quote-hkd-2026 200 in 8.2s (next.js: 8.0s, application-code: 159ms)
[?25h
