
> puiying-steven-phase1@ build:web D:\ZM\AI工坊\培英\04-开发实现
> pnpm --filter @puiying/web build


> @puiying/web@0.1.0 build D:\ZM\AI工坊\培英\04-开发实现\apps\web
> next build

▲ Next.js 16.2.10 (Turbopack)

  Creating an optimized production build ...
✓ Compiled successfully in 18.9s
  Running TypeScript ...
  Finished TypeScript in 10.5s ...
  Collecting page data using 11 workers ...
  Generating static pages using 11 workers (0/5) ...
  Generating static pages using 11 workers (1/5) 
  Generating static pages using 11 workers (2/5) 
  Generating static pages using 11 workers (3/5) 
✓ Generating static pages using 11 workers (5/5) in 1628ms
  Finalizing page optimization ...

Route (app)
┌ ○ /
├ ○ /_not-found
├ ƒ /api/auth/[...path]
├ ƒ /api/steven/[...path]
├ ƒ /dashboard/steven
├ ƒ /dashboard/steven/quotes
├ ƒ /dashboard/steven/quotes/[quoteId]
├ ƒ /dashboard/steven/quotes/[quoteId]/scan-review/[candidateId]
└ ○ /login


○  (Static)   prerendered as static content
ƒ  (Dynamic)  server-rendered on demand

