Idempotency verification: start -> duplicate start -> stop -> duplicate stop -> restart
Initial state: healthy from prior start
Duplicate start exit=0
Stop exit=0
Listeners after stop=0
Duplicate stop exit=0
Restart exit=0
{"level":"info","ts":1784283059.5999827,"msg":"using config from file","file":"D:\\ZM\\AI工坊\\培英\\04-开发实现\\infra\\caddy\\Caddyfile"}
{"level":"info","ts":1784283059.6037874,"msg":"adapted config to JSON","adapter":"caddyfile"}
{"level":"info","ts":1784283059.605838,"logger":"tls.cache.maintenance","msg":"started background certificate maintenance","cache":"0xc000499b00"}
{"level":"info","ts":1784283059.605838,"logger":"http.auto_https","msg":"automatic HTTP->HTTPS redirects are disabled","server_name":"srv0"}
{"level":"info","ts":1784283059.60639,"logger":"tls.cache.maintenance","msg":"stopped background certificate maintenance","cache":"0xc000499b00"}
{"level":"info","ts":1784283059.60639,"logger":"http","msg":"servers shutting down with eternal grace period"}
Valid configuration
Restart health auth_mode=session
Restart health persistence.mode=postgresql
Restart health quote_store=postgresql
Restart health tender_store=postgresql
Restart health inventory_store=postgresql
Listeners after restart=4
