
> @puiying/web@0.1.0 build
> next build

▲ Next.js 16.2.10 (Turbopack)

  Creating an optimized production build ...
✓ Compiled successfully in 3.7s
  Running TypeScript ...
  Finished TypeScript in 6.0s ...
  Collecting page data using 11 workers ...
  Generating static pages using 11 workers (0/5) ...
  Generating static pages using 11 workers (1/5) 
  Generating static pages using 11 workers (2/5) 
  Generating static pages using 11 workers (3/5) 
✓ Generating static pages using 11 workers (5/5) in 459ms
  Finalizing page optimization ...

Route (app)
┌ ○ /
├ ○ /_not-found
├ ƒ /api/auth/[...path]
├ ƒ /api/steven/[...path]
├ ƒ /dashboard/steven
├ ƒ /dashboard/steven/quotes
├ ƒ /dashboard/steven/quotes/[quoteId]
├ ƒ /dashboard/steven/quotes/[quoteId]/scan-review/[candidateId]
├ ƒ /dashboard/steven/tenders
├ ƒ /dashboard/steven/tenders/[tenderId]
└ ○ /login


ƒ Proxy (Middleware)

○  (Static)   prerendered as static content
ƒ  (Dynamic)  server-rendered on demand

