{
  "auth_mode": "session",
  "persistence_mode": "postgresql",
  "database": "puiying_steven_demo",
  "inventory_store": "postgresql",
  "demo_seed_enabled": false,
  "login_status": 200,
  "inventory_status": 200,
  "listeners": [
    {
      "address": "127.0.0.1",
      "port": 4300
    },
    {
      "address": "127.0.0.1",
      "port": 9000
    },
    {
      "address": "127.0.0.1",
      "port": 15443
    },
    {
      "address": "127.0.0.1",
      "port": 20219
    }
  ],
  "runtime_log_sensitive_hits": 0,
  "second_start_reuse": "passed",
  "stop_twice_then_start": "passed"
}
